# JRE version: OpenJDK Runtime Environment (8.0_152-b01) (build 1.8.0_152-release-1343-b01)
# Java VM: OpenJDK 64-Bit Server VM (25.152-b01 mixed mode windows-amd64 compressed oops)
Heap:
 PSYoungGen      total 366592K, used 264184K [0x00000000e0000000, 0x00000000f7d80000, 0x0000000100000000)
  eden space 342528K, 73% used [0x00000000e0000000,0x00000000ef5bfba0,0x00000000f4e80000)
  from space 24064K, 52% used [0x00000000f4e80000,0x00000000f5abe808,0x00000000f6600000)
  to   space 22016K, 0% used [0x00000000f6800000,0x00000000f6800000,0x00000000f7d80000)
 ParOldGen       total 168448K, used 52586K [0x00000000a0000000, 0x00000000aa480000, 0x00000000e0000000)
  object space 168448K, 31% used [0x00000000a0000000,0x00000000a335a840,0x00000000aa480000)
 Metaspace       used 100127K, capacity 104738K, committed 104960K, reserved 1140736K
  class space    used 12619K, capacity 13459K, committed 13568K, reserved 1048576K
GC Heap History (10 events):
Event: 2750.954 GC heap before
{Heap before GC invocations=21 (full 3):
 PSYoungGen      total 322048K, used 130929K [0x00000000e0000000, 0x00000000f7f00000, 0x0000000100000000)
  eden space 301568K, 36% used [0x00000000e0000000,0x00000000e6be05d0,0x00000000f2680000)
  from space 20480K, 99% used [0x00000000f2680000,0x00000000f3a7bef0,0x00000000f3a80000)
  to   space 23552K, 0% used [0x00000000f6800000,0x00000000f6800000,0x00000000f7f00000)
 ParOldGen       total 112128K, used 39331K [0x00000000a0000000, 0x00000000a6d80000, 0x00000000e0000000)
  object space 112128K, 35% used [0x00000000a0000000,0x00000000a2668f08,0x00000000a6d80000)
 Metaspace       used 94214K, capacity 98514K, committed 98560K, reserved 1134592K
  class space    used 11988K, capacity 12789K, committed 12800K, reserved 1048576K
Event: 2750.986 GC heap after
Heap after GC invocations=21 (full 3):
 PSYoungGen      total 364544K, used 16390K [0x00000000e0000000, 0x00000000f7d80000, 0x0000000100000000)
  eden space 342528K, 0% used [0x00000000e0000000,0x00000000e0000000,0x00000000f4e80000)
  from space 22016K, 74% used [0x00000000f6800000,0x00000000f7801be8,0x00000000f7d80000)
  to   space 24064K, 0% used [0x00000000f4e80000,0x00000000f4e80000,0x00000000f6600000)
 ParOldGen       total 112128K, used 50391K [0x00000000a0000000, 0x00000000a6d80000, 0x00000000e0000000)
  object space 112128K, 44% used [0x00000000a0000000,0x00000000a3135ea0,0x00000000a6d80000)
 Metaspace       used 94214K, capacity 98514K, committed 98560K, reserved 1134592K
  class space    used 11988K, capacity 12789K, committed 12800K, reserved 1048576K
}
Event: 2750.986 GC heap before
{Heap before GC invocations=22 (full 4):
 PSYoungGen      total 364544K, used 16390K [0x00000000e0000000, 0x00000000f7d80000, 0x0000000100000000)
  eden space 342528K, 0% used [0x00000000e0000000,0x00000000e0000000,0x00000000f4e80000)
  from space 22016K, 74% used [0x00000000f6800000,0x00000000f7801be8,0x00000000f7d80000)
  to   space 24064K, 0% used [0x00000000f4e80000,0x00000000f4e80000,0x00000000f6600000)
 ParOldGen       total 112128K, used 50391K [0x00000000a0000000, 0x00000000a6d80000, 0x00000000e0000000)
  object space 112128K, 44% used [0x00000000a0000000,0x00000000a3135ea0,0x00000000a6d80000)
 Metaspace       used 94214K, capacity 98514K, committed 98560K, reserved 1134592K
  class space    used 11988K, capacity 12789K, committed 12800K, reserved 1048576K
Event: 2761.178 GC heap after
Heap after GC invocations=22 (full 4):
 PSYoungGen      total 364544K, used 0K [0x00000000e0000000, 0x00000000f7d80000, 0x0000000100000000)
  eden space 342528K, 0% used [0x00000000e0000000,0x00000000e0000000,0x00000000f4e80000)
  from space 22016K, 0% used [0x00000000f6800000,0x00000000f6800000,0x00000000f7d80000)
  to   space 24064K, 0% used [0x00000000f4e80000,0x00000000f4e80000,0x00000000f6600000)
 ParOldGen       total 168448K, used 52562K [0x00000000a0000000, 0x00000000aa480000, 0x00000000e0000000)
  object space 168448K, 31% used [0x00000000a0000000,0x00000000a3354840,0x00000000aa480000)
 Metaspace       used 93537K, capacity 96918K, committed 98560K, reserved 1134592K
  class space    used 11813K, capacity 12519K, committed 12800K, reserved 1048576K
}
Event: 2774.210 GC heap before
{Heap before GC invocations=23 (full 4):
 PSYoungGen      total 364544K, used 342528K [0x00000000e0000000, 0x00000000f7d80000, 0x0000000100000000)
  eden space 342528K, 100% used [0x00000000e0000000,0x00000000f4e80000,0x00000000f4e80000)
  from space 22016K, 0% used [0x00000000f6800000,0x00000000f6800000,0x00000000f7d80000)
  to   space 24064K, 0% used [0x00000000f4e80000,0x00000000f4e80000,0x00000000f6600000)
 ParOldGen       total 168448K, used 52562K [0x00000000a0000000, 0x00000000aa480000, 0x00000000e0000000)
  object space 168448K, 31% used [0x00000000a0000000,0x00000000a3354840,0x00000000aa480000)
 Metaspace       used 98531K, capacity 102494K, committed 102912K, reserved 1138688K
  class space    used 12428K, capacity 13223K, committed 13312K, reserved 1048576K
Event: 2774.426 GC heap after
Heap after GC invocations=23 (full 4):
 PSYoungGen      total 366592K, used 10818K [0x00000000e0000000, 0x00000000f7d80000, 0x0000000100000000)
  eden space 342528K, 0% used [0x00000000e0000000,0x00000000e0000000,0x00000000f4e80000)
  from space 24064K, 44% used [0x00000000f4e80000,0x00000000f5910a50,0x00000000f6600000)
  to   space 22016K, 0% used [0x00000000f6800000,0x00000000f6800000,0x00000000f7d80000)
 ParOldGen       total 168448K, used 52570K [0x00000000a0000000, 0x00000000aa480000, 0x00000000e0000000)
  object space 168448K, 31% used [0x00000000a0000000,0x00000000a3356840,0x00000000aa480000)
 Metaspace       used 98531K, capacity 102494K, committed 102912K, reserved 1138688K
  class space    used 12428K, capacity 13223K, committed 13312K, reserved 1048576K
}
Event: 2777.687 GC heap before
{Heap before GC invocations=24 (full 4):
 PSYoungGen      total 366592K, used 353346K [0x00000000e0000000, 0x00000000f7d80000, 0x0000000100000000)
  eden space 342528K, 100% used [0x00000000e0000000,0x00000000f4e80000,0x00000000f4e80000)
  from space 24064K, 44% used [0x00000000f4e80000,0x00000000f5910a50,0x00000000f6600000)
  to   space 22016K, 0% used [0x00000000f6800000,0x00000000f6800000,0x00000000f7d80000)
 ParOldGen       total 168448K, used 52570K [0x00000000a0000000, 0x00000000aa480000, 0x00000000e0000000)
  object space 168448K, 31% used [0x00000000a0000000,0x00000000a3356840,0x00000000aa480000)
 Metaspace       used 100026K, capacity 104610K, committed 104960K, reserved 1140736K
  class space    used 12617K, capacity 13459K, committed 13568K, reserved 1048576K
Event: 2777.762 GC heap after
Heap after GC invocations=24 (full 4):
 PSYoungGen      total 364544K, used 15954K [0x00000000e0000000, 0x00000000f7d80000, 0x0000000100000000)
  eden space 342528K, 0% used [0x00000000e0000000,0x00000000e0000000,0x00000000f4e80000)
  from space 22016K, 72% used [0x00000000f6800000,0x00000000f7794a40,0x00000000f7d80000)
  to   space 24064K, 0% used [0x00000000f4e80000,0x00000000f4e80000,0x00000000f6600000)
 ParOldGen       total 168448K, used 52578K [0x00000000a0000000, 0x00000000aa480000, 0x00000000e0000000)
  object space 168448K, 31% used [0x00000000a0000000,0x00000000a3358840,0x00000000aa480000)
 Metaspace       used 100026K, capacity 104610K, committed 104960K, reserved 1140736K
  class space    used 12617K, capacity 13459K, committed 13568K, reserved 1048576K
}
Event: 2778.245 GC heap before
{Heap before GC invocations=25 (full 4):
 PSYoungGen      total 364544K, used 358482K [0x00000000e0000000, 0x00000000f7d80000, 0x0000000100000000)
  eden space 342528K, 100% used [0x00000000e0000000,0x00000000f4e80000,0x00000000f4e80000)
  from space 22016K, 72% used [0x00000000f6800000,0x00000000f7794a40,0x00000000f7d80000)
  to   space 24064K, 0% used [0x00000000f4e80000,0x00000000f4e80000,0x00000000f6600000)
 ParOldGen       total 168448K, used 52578K [0x00000000a0000000, 0x00000000aa480000, 0x00000000e0000000)
  object space 168448K, 31% used [0x00000000a0000000,0x00000000a3358840,0x00000000aa480000)
 Metaspace       used 100078K, capacity 104674K, committed 104960K, reserved 1140736K
  class space    used 12617K, capacity 13459K, committed 13568K, reserved 1048576K
Event: 2778.257 GC heap after
Heap after GC invocations=25 (full 4):
 PSYoungGen      total 366592K, used 12538K [0x00000000e0000000, 0x00000000f7d80000, 0x0000000100000000)
  eden space 342528K, 0% used [0x00000000e0000000,0x00000000e0000000,0x00000000f4e80000)
  from space 24064K, 52% used [0x00000000f4e80000,0x00000000f5abe808,0x00000000f6600000)
  to   space 22016K, 0% used [0x00000000f6800000,0x00000000f6800000,0x00000000f7d80000)
 ParOldGen       total 168448K, used 52586K [0x00000000a0000000, 0x00000000aa480000, 0x00000000e0000000)
  object space 168448K, 31% used [0x00000000a0000000,0x00000000a335a840,0x00000000aa480000)
 Metaspace       used 100078K, capacity 104674K, committed 104960K, reserved 1140736K
  class space    used 12617K, capacity 13459K, committed 13568K, reserved 1048576K
}

